{"C:\\dev\\worksp-talentotech\\2025-2C-nodejs\\gcba-talento-tech-nodejs\\techlab\\index.js": {"path":"C:\\dev\\worksp-talentotech\\2025-2C-nodejs\\gcba-talento-tech-nodejs\\techlab\\index.js","statementMap":{"0":{"start":{"line":4,"column":21},"end":{"line":4,"column":47}},"1":{"start":{"line":11,"column":4},"end":{"line":11,"column":53}},"2":{"start":{"line":12,"column":4},"end":{"line":25,"column":5}},"3":{"start":{"line":13,"column":25},"end":{"line":13,"column":64}},"4":{"start":{"line":15,"column":8},"end":{"line":17,"column":9}},"5":{"start":{"line":16,"column":12},"end":{"line":16,"column":70}},"6":{"start":{"line":19,"column":25},"end":{"line":19,"column":46}},"7":{"start":{"line":20,"column":8},"end":{"line":20,"column":71}},"8":{"start":{"line":21,"column":8},"end":{"line":21,"column":24}},"9":{"start":{"line":23,"column":8},"end":{"line":23,"column":73}},"10":{"start":{"line":24,"column":8},"end":{"line":24,"column":70}},"11":{"start":{"line":34,"column":4},"end":{"line":34,"column":71}},"12":{"start":{"line":35,"column":4},"end":{"line":51,"column":5}},"13":{"start":{"line":36,"column":25},"end":{"line":36,"column":70}},"14":{"start":{"line":38,"column":8},"end":{"line":43,"column":9}},"15":{"start":{"line":39,"column":12},"end":{"line":41,"column":13}},"16":{"start":{"line":40,"column":16},"end":{"line":40,"column":67}},"17":{"start":{"line":42,"column":12},"end":{"line":42,"column":70}},"18":{"start":{"line":45,"column":24},"end":{"line":45,"column":45}},"19":{"start":{"line":46,"column":8},"end":{"line":46,"column":88}},"20":{"start":{"line":47,"column":8},"end":{"line":47,"column":23}},"21":{"start":{"line":49,"column":8},"end":{"line":49,"column":89}},"22":{"start":{"line":50,"column":8},"end":{"line":50,"column":75}},"23":{"start":{"line":62,"column":4},"end":{"line":62,"column":116}},"24":{"start":{"line":63,"column":4},"end":{"line":90,"column":5}},"25":{"start":{"line":64,"column":28},"end":{"line":70,"column":9}},"26":{"start":{"line":72,"column":25},"end":{"line":78,"column":10}},"27":{"start":{"line":80,"column":8},"end":{"line":82,"column":9}},"28":{"start":{"line":81,"column":12},"end":{"line":81,"column":70}},"29":{"start":{"line":84,"column":27},"end":{"line":84,"column":48}},"30":{"start":{"line":85,"column":8},"end":{"line":85,"column":93}},"31":{"start":{"line":86,"column":8},"end":{"line":86,"column":26}},"32":{"start":{"line":88,"column":8},"end":{"line":88,"column":95}},"33":{"start":{"line":89,"column":8},"end":{"line":89,"column":70}},"34":{"start":{"line":99,"column":4},"end":{"line":99,"column":70}},"35":{"start":{"line":100,"column":4},"end":{"line":118,"column":5}},"36":{"start":{"line":101,"column":25},"end":{"line":103,"column":10}},"37":{"start":{"line":105,"column":8},"end":{"line":110,"column":9}},"38":{"start":{"line":106,"column":12},"end":{"line":108,"column":13}},"39":{"start":{"line":107,"column":16},"end":{"line":107,"column":67}},"40":{"start":{"line":109,"column":12},"end":{"line":109,"column":70}},"41":{"start":{"line":112,"column":31},"end":{"line":112,"column":52}},"42":{"start":{"line":113,"column":8},"end":{"line":113,"column":87}},"43":{"start":{"line":114,"column":8},"end":{"line":114,"column":30}},"44":{"start":{"line":116,"column":8},"end":{"line":116,"column":88}},"45":{"start":{"line":117,"column":8},"end":{"line":117,"column":76}},"46":{"start":{"line":126,"column":4},"end":{"line":126,"column":55}},"47":{"start":{"line":127,"column":4},"end":{"line":135,"column":5}},"48":{"start":{"line":128,"column":8},"end":{"line":132,"column":9}},"49":{"start":{"line":129,"column":12},"end":{"line":129,"column":46}},"50":{"start":{"line":131,"column":12},"end":{"line":131,"column":32}},"51":{"start":{"line":134,"column":8},"end":{"line":134,"column":51}},"52":{"start":{"line":136,"column":4},"end":{"line":136,"column":56}},"53":{"start":{"line":143,"column":4},"end":{"line":143,"column":51}},"54":{"start":{"line":144,"column":4},"end":{"line":160,"column":7}},"55":{"start":{"line":161,"column":4},"end":{"line":161,"column":52}},"56":{"start":{"line":168,"column":4},"end":{"line":168,"column":46}},"57":{"start":{"line":169,"column":4},"end":{"line":169,"column":33}},"58":{"start":{"line":170,"column":4},"end":{"line":255,"column":5}},"59":{"start":{"line":172,"column":21},"end":{"line":172,"column":42}},"60":{"start":{"line":174,"column":8},"end":{"line":177,"column":9}},"61":{"start":{"line":175,"column":12},"end":{"line":175,"column":24}},"62":{"start":{"line":176,"column":12},"end":{"line":176,"column":19}},"63":{"start":{"line":179,"column":46},"end":{"line":179,"column":50}},"64":{"start":{"line":182,"column":8},"end":{"line":186,"column":9}},"65":{"start":{"line":183,"column":12},"end":{"line":183,"column":90}},"66":{"start":{"line":184,"column":12},"end":{"line":184,"column":24}},"67":{"start":{"line":185,"column":12},"end":{"line":185,"column":19}},"68":{"start":{"line":189,"column":8},"end":{"line":249,"column":9}},"69":{"start":{"line":191,"column":16},"end":{"line":207,"column":17}},"70":{"start":{"line":192,"column":20},"end":{"line":192,"column":62}},"71":{"start":{"line":193,"column":37},"end":{"line":193,"column":56}},"72":{"start":{"line":194,"column":20},"end":{"line":194,"column":44}},"73":{"start":{"line":195,"column":23},"end":{"line":207,"column":17}},"74":{"start":{"line":196,"column":38},"end":{"line":196,"column":60}},"75":{"start":{"line":197,"column":20},"end":{"line":200,"column":21}},"76":{"start":{"line":198,"column":24},"end":{"line":198,"column":93}},"77":{"start":{"line":199,"column":24},"end":{"line":199,"column":31}},"78":{"start":{"line":201,"column":20},"end":{"line":201,"column":78}},"79":{"start":{"line":202,"column":36},"end":{"line":202,"column":67}},"80":{"start":{"line":203,"column":20},"end":{"line":203,"column":43}},"81":{"start":{"line":205,"column":20},"end":{"line":205,"column":111}},"82":{"start":{"line":206,"column":20},"end":{"line":206,"column":32}},"83":{"start":{"line":208,"column":16},"end":{"line":208,"column":22}},"84":{"start":{"line":211,"column":16},"end":{"line":231,"column":17}},"85":{"start":{"line":212,"column":20},"end":{"line":216,"column":21}},"86":{"start":{"line":213,"column":24},"end":{"line":213,"column":110}},"87":{"start":{"line":214,"column":24},"end":{"line":214,"column":105}},"88":{"start":{"line":215,"column":24},"end":{"line":215,"column":40}},"89":{"start":{"line":217,"column":53},"end":{"line":217,"column":59}},"90":{"start":{"line":219,"column":20},"end":{"line":222,"column":21}},"91":{"start":{"line":220,"column":24},"end":{"line":220,"column":78}},"92":{"start":{"line":221,"column":24},"end":{"line":221,"column":40}},"93":{"start":{"line":224,"column":20},"end":{"line":224,"column":95}},"94":{"start":{"line":225,"column":39},"end":{"line":225,"column":82}},"95":{"start":{"line":226,"column":20},"end":{"line":226,"column":46}},"96":{"start":{"line":228,"column":20},"end":{"line":228,"column":112}},"97":{"start":{"line":229,"column":20},"end":{"line":229,"column":32}},"98":{"start":{"line":230,"column":20},"end":{"line":230,"column":36}},"99":{"start":{"line":232,"column":16},"end":{"line":232,"column":22}},"100":{"start":{"line":235,"column":16},"end":{"line":247,"column":17}},"101":{"start":{"line":236,"column":38},"end":{"line":236,"column":60}},"102":{"start":{"line":237,"column":20},"end":{"line":240,"column":21}},"103":{"start":{"line":238,"column":24},"end":{"line":238,"column":96}},"104":{"start":{"line":239,"column":24},"end":{"line":239,"column":31}},"105":{"start":{"line":241,"column":20},"end":{"line":241,"column":78}},"106":{"start":{"line":242,"column":43},"end":{"line":242,"column":73}},"107":{"start":{"line":243,"column":20},"end":{"line":243,"column":50}},"108":{"start":{"line":245,"column":20},"end":{"line":245,"column":119}},"109":{"start":{"line":246,"column":20},"end":{"line":246,"column":32}},"110":{"start":{"line":248,"column":16},"end":{"line":248,"column":22}},"111":{"start":{"line":250,"column":8},"end":{"line":250,"column":66}},"112":{"start":{"line":253,"column":8},"end":{"line":253,"column":70}},"113":{"start":{"line":254,"column":8},"end":{"line":254,"column":24}},"114":{"start":{"line":269,"column":0},"end":{"line":269,"column":7}}},"fnMap":{"0":{"name":"getProducts","decl":{"start":{"line":10,"column":15},"end":{"line":10,"column":26}},"loc":{"start":{"line":10,"column":29},"end":{"line":26,"column":1}},"line":10},"1":{"name":"getProductById","decl":{"start":{"line":33,"column":15},"end":{"line":33,"column":29}},"loc":{"start":{"line":33,"column":34},"end":{"line":52,"column":1}},"line":33},"2":{"name":"createProduct","decl":{"start":{"line":61,"column":15},"end":{"line":61,"column":28}},"loc":{"start":{"line":61,"column":53},"end":{"line":91,"column":1}},"line":61},"3":{"name":"deleteProduct","decl":{"start":{"line":98,"column":15},"end":{"line":98,"column":28}},"loc":{"start":{"line":98,"column":33},"end":{"line":119,"column":1}},"line":98},"4":{"name":"displayOutput","decl":{"start":{"line":125,"column":9},"end":{"line":125,"column":22}},"loc":{"start":{"line":125,"column":29},"end":{"line":137,"column":1}},"line":125},"5":{"name":"showUsage","decl":{"start":{"line":142,"column":9},"end":{"line":142,"column":18}},"loc":{"start":{"line":142,"column":21},"end":{"line":162,"column":1}},"line":142},"6":{"name":"main","decl":{"start":{"line":167,"column":15},"end":{"line":167,"column":19}},"loc":{"start":{"line":167,"column":22},"end":{"line":256,"column":1}},"line":167}},"branchMap":{"0":{"loc":{"start":{"line":15,"column":8},"end":{"line":17,"column":9}},"type":"if","locations":[{"start":{"line":15,"column":8},"end":{"line":17,"column":9}},{"start":{},"end":{}}],"line":15},"1":{"loc":{"start":{"line":38,"column":8},"end":{"line":43,"column":9}},"type":"if","locations":[{"start":{"line":38,"column":8},"end":{"line":43,"column":9}},{"start":{},"end":{}}],"line":38},"2":{"loc":{"start":{"line":39,"column":12},"end":{"line":41,"column":13}},"type":"if","locations":[{"start":{"line":39,"column":12},"end":{"line":41,"column":13}},{"start":{},"end":{}}],"line":39},"3":{"loc":{"start":{"line":80,"column":8},"end":{"line":82,"column":9}},"type":"if","locations":[{"start":{"line":80,"column":8},"end":{"line":82,"column":9}},{"start":{},"end":{}}],"line":80},"4":{"loc":{"start":{"line":105,"column":8},"end":{"line":110,"column":9}},"type":"if","locations":[{"start":{"line":105,"column":8},"end":{"line":110,"column":9}},{"start":{},"end":{}}],"line":105},"5":{"loc":{"start":{"line":106,"column":12},"end":{"line":108,"column":13}},"type":"if","locations":[{"start":{"line":106,"column":12},"end":{"line":108,"column":13}},{"start":{},"end":{}}],"line":106},"6":{"loc":{"start":{"line":127,"column":4},"end":{"line":135,"column":5}},"type":"if","locations":[{"start":{"line":127,"column":4},"end":{"line":135,"column":5}},{"start":{"line":133,"column":11},"end":{"line":135,"column":5}}],"line":127},"7":{"loc":{"start":{"line":128,"column":8},"end":{"line":132,"column":9}},"type":"if","locations":[{"start":{"line":128,"column":8},"end":{"line":132,"column":9}},{"start":{"line":130,"column":15},"end":{"line":132,"column":9}}],"line":128},"8":{"loc":{"start":{"line":174,"column":8},"end":{"line":177,"column":9}},"type":"if","locations":[{"start":{"line":174,"column":8},"end":{"line":177,"column":9}},{"start":{},"end":{}}],"line":174},"9":{"loc":{"start":{"line":182,"column":8},"end":{"line":186,"column":9}},"type":"if","locations":[{"start":{"line":182,"column":8},"end":{"line":186,"column":9}},{"start":{},"end":{}}],"line":182},"10":{"loc":{"start":{"line":189,"column":8},"end":{"line":249,"column":9}},"type":"switch","locations":[{"start":{"line":190,"column":12},"end":{"line":208,"column":22}},{"start":{"line":210,"column":12},"end":{"line":232,"column":22}},{"start":{"line":234,"column":12},"end":{"line":248,"column":22}}],"line":189},"11":{"loc":{"start":{"line":191,"column":16},"end":{"line":207,"column":17}},"type":"if","locations":[{"start":{"line":191,"column":16},"end":{"line":207,"column":17}},{"start":{"line":195,"column":23},"end":{"line":207,"column":17}}],"line":191},"12":{"loc":{"start":{"line":195,"column":23},"end":{"line":207,"column":17}},"type":"if","locations":[{"start":{"line":195,"column":23},"end":{"line":207,"column":17}},{"start":{"line":204,"column":23},"end":{"line":207,"column":17}}],"line":195},"13":{"loc":{"start":{"line":197,"column":20},"end":{"line":200,"column":21}},"type":"if","locations":[{"start":{"line":197,"column":20},"end":{"line":200,"column":21}},{"start":{},"end":{}}],"line":197},"14":{"loc":{"start":{"line":211,"column":16},"end":{"line":231,"column":17}},"type":"if","locations":[{"start":{"line":211,"column":16},"end":{"line":231,"column":17}},{"start":{"line":227,"column":23},"end":{"line":231,"column":17}}],"line":211},"15":{"loc":{"start":{"line":212,"column":20},"end":{"line":216,"column":21}},"type":"if","locations":[{"start":{"line":212,"column":20},"end":{"line":216,"column":21}},{"start":{},"end":{}}],"line":212},"16":{"loc":{"start":{"line":219,"column":20},"end":{"line":222,"column":21}},"type":"if","locations":[{"start":{"line":219,"column":20},"end":{"line":222,"column":21}},{"start":{},"end":{}}],"line":219},"17":{"loc":{"start":{"line":235,"column":16},"end":{"line":247,"column":17}},"type":"if","locations":[{"start":{"line":235,"column":16},"end":{"line":247,"column":17}},{"start":{"line":244,"column":23},"end":{"line":247,"column":17}}],"line":235},"18":{"loc":{"start":{"line":237,"column":20},"end":{"line":240,"column":21}},"type":"if","locations":[{"start":{"line":237,"column":20},"end":{"line":240,"column":21}},{"start":{},"end":{}}],"line":237}},"s":{"0":1,"1":4,"2":4,"3":4,"4":3,"5":1,"6":2,"7":2,"8":2,"9":2,"10":2,"11":4,"12":4,"13":4,"14":3,"15":1,"16":1,"17":0,"18":2,"19":2,"20":2,"21":2,"22":2,"23":4,"24":4,"25":4,"26":4,"27":3,"28":1,"29":2,"30":2,"31":2,"32":2,"33":2,"34":4,"35":4,"36":4,"37":3,"38":1,"39":1,"40":0,"41":2,"42":2,"43":2,"44":2,"45":2,"46":3,"47":3,"48":2,"49":1,"50":1,"51":1,"52":3,"53":2,"54":2,"55":2,"56":1,"57":1,"58":1,"59":1,"60":1,"61":0,"62":0,"63":1,"64":1,"65":1,"66":1,"67":1,"68":0,"69":0,"70":0,"71":0,"72":0,"73":0,"74":0,"75":0,"76":0,"77":0,"78":0,"79":0,"80":0,"81":0,"82":0,"83":0,"84":0,"85":0,"86":0,"87":0,"88":0,"89":0,"90":0,"91":0,"92":0,"93":0,"94":0,"95":0,"96":0,"97":0,"98":0,"99":0,"100":0,"101":0,"102":0,"103":0,"104":0,"105":0,"106":0,"107":0,"108":0,"109":0,"110":0,"111":0,"112":0,"113":0,"114":1},"f":{"0":4,"1":4,"2":4,"3":4,"4":3,"5":2,"6":1},"b":{"0":[1,2],"1":[1,2],"2":[1,0],"3":[1,2],"4":[1,2],"5":[1,0],"6":[2,1],"7":[1,1],"8":[0,1],"9":[1,0],"10":[0,0,0],"11":[0,0],"12":[0,0],"13":[0,0],"14":[0,0],"15":[0,0],"16":[0,0],"17":[0,0],"18":[0,0]},"_coverageSchema":"1a1c01bbd47fc00a2c39e90264f33305004495a9","hash":"f3e50e9aecdfeafe91a1e736739d6bbc0fbcfefa"}
}
