TN:
SF:index.js
FN:10,getProducts
FN:33,getProductById
FN:61,createProduct
FN:98,deleteProduct
FN:125,displayOutput
FN:142,showUsage
FN:167,main
FNF:7
FNH:7
FNDA:4,getProducts
FNDA:4,getProductById
FNDA:4,createProduct
FNDA:4,deleteProduct
FNDA:3,displayOutput
FNDA:2,showUsage
FNDA:1,main
DA:4,1
DA:11,4
DA:12,4
DA:13,4
DA:15,3
DA:16,1
DA:19,2
DA:20,2
DA:21,2
DA:23,2
DA:24,2
DA:34,4
DA:35,4
DA:36,4
DA:38,3
DA:39,1
DA:40,1
DA:42,0
DA:45,2
DA:46,2
DA:47,2
DA:49,2
DA:50,2
DA:62,4
DA:63,4
DA:64,4
DA:72,4
DA:80,3
DA:81,1
DA:84,2
DA:85,2
DA:86,2
DA:88,2
DA:89,2
DA:99,4
DA:100,4
DA:101,4
DA:105,3
DA:106,1
DA:107,1
DA:109,0
DA:112,2
DA:113,2
DA:114,2
DA:116,2
DA:117,2
DA:126,3
DA:127,3
DA:128,2
DA:129,1
DA:131,1
DA:134,1
DA:136,3
DA:143,2
DA:144,2
DA:161,2
DA:168,1
DA:169,1
DA:170,1
DA:172,1
DA:174,1
DA:175,0
DA:176,0
DA:179,1
DA:182,1
DA:183,1
DA:184,1
DA:185,1
DA:189,0
DA:191,0
DA:192,0
DA:193,0
DA:194,0
DA:195,0
DA:196,0
DA:197,0
DA:198,0
DA:199,0
DA:201,0
DA:202,0
DA:203,0
DA:205,0
DA:206,0
DA:208,0
DA:211,0
DA:212,0
DA:213,0
DA:214,0
DA:215,0
DA:217,0
DA:219,0
DA:220,0
DA:221,0
DA:224,0
DA:225,0
DA:226,0
DA:228,0
DA:229,0
DA:230,0
DA:232,0
DA:235,0
DA:236,0
DA:237,0
DA:238,0
DA:239,0
DA:241,0
DA:242,0
DA:243,0
DA:245,0
DA:246,0
DA:248,0
DA:250,0
DA:253,0
DA:254,0
DA:269,1
LF:115
LH:65
BRDA:15,0,0,1
BRDA:15,0,1,2
BRDA:38,1,0,1
BRDA:38,1,1,2
BRDA:39,2,0,1
BRDA:39,2,1,0
BRDA:80,3,0,1
BRDA:80,3,1,2
BRDA:105,4,0,1
BRDA:105,4,1,2
BRDA:106,5,0,1
BRDA:106,5,1,0
BRDA:127,6,0,2
BRDA:127,6,1,1
BRDA:128,7,0,1
BRDA:128,7,1,1
BRDA:174,8,0,0
BRDA:174,8,1,1
BRDA:182,9,0,1
BRDA:182,9,1,0
BRDA:189,10,0,0
BRDA:189,10,1,0
BRDA:189,10,2,0
BRDA:191,11,0,0
BRDA:191,11,1,0
BRDA:195,12,0,0
BRDA:195,12,1,0
BRDA:197,13,0,0
BRDA:197,13,1,0
BRDA:211,14,0,0
BRDA:211,14,1,0
BRDA:212,15,0,0
BRDA:212,15,1,0
BRDA:219,16,0,0
BRDA:219,16,1,0
BRDA:235,17,0,0
BRDA:235,17,1,0
BRDA:237,18,0,0
BRDA:237,18,1,0
BRF:39
BRH:16
end_of_record
